

Filename : regressionDataSet.csv
Email id :8615208@apiit.edu.in
ID : 20171119180156
START
elapsed 
  0.063 

Step 1: Library Inclusion/home/robomex/R/x86_64-pc-linux-gnu-library/3.4 /usr/local/lib/R/site-library /usr/lib/R/site-library /usr/lib/R/library
Step 2: Variable Declaration[1] "neuralNetwork"
[1] "regressionDataSet.csv"

Step 3: Data Loading       RMSD     Area       ED    Energy SS ResidueLength PairNumber
9862  4.103 12898.60 93905.40 -6350.000 64           254       3885
8934  3.155  3990.78  1411.09  -943.298 38            52        133
4209  3.609 13749.30 92395.80 -6910.000 54           254       3885
14610 4.361  9715.56 27503.10 -2000.000 24           194       1521
11235 2.383  7322.36  9485.88 -2456.910 14           123        621
13574 4.467  8935.12 28698.20 -3476.470 35           179       1626
      X100.6079961 X81.98734877 X0.042989621 X99.92630351
9862             1            1            0            1
8934             1            0            0            1
4209             1            1            0            1
14610            1            1            0            1
11235            1            1            0            1
13574            1            1            0            1
[1] 16382
 [1] "RMSD"          "Area"          "ED"            "Energy"       
 [5] "SS"            "ResidueLength" "PairNumber"    "X100.6079961" 
 [9] "X81.98734877"  "X0.042989621"  "X99.92630351" 

Step 4: Counting dataset[1] 16382

Step 5: Choose Target Variable[1] "RMSD"

Step 6: Choose Inputs Variable [1] "Area"          "ED"            "Energy"        "SS"           
 [5] "ResidueLength" "PairNumber"    "X100.6079961"  "X81.98734877" 
 [9] "X0.042989621"  "X99.92630351" 
[1] 10

Step 7: Select training dataset          Area       ED    Energy SS ResidueLength PairNumber X100.6079961
9862  12898.60 93905.40 -6350.000 64           254       3885            1
8934   3990.78  1411.09  -943.298 38            52        133            1
4209  13749.30 92395.80 -6910.000 54           254       3885            1
14610  9715.56 27503.10 -2000.000 24           194       1521            1
11235  7322.36  9485.88 -2456.910 14           123        621            1
13574  8935.12 28698.20 -3476.470 35           179       1626            1
      X81.98734877 X0.042989621 X99.92630351  RMSD
9862             1            0            1 4.103
8934             0            0            1 3.155
4209             1            0            1 3.609
14610            1            0            1 4.361
11235            1            0            1 2.383
13574            1            0            1 4.467
[1] 8191

Step 8: Select testing dataset          Area        ED   Energy  SS ResidueLength PairNumber X100.6079961
6143  14793.90 142726.00 -8163.00 239           371       5742            1
14161 13047.40  72660.20 -5474.51  35           262       3211            1
14346  6200.97  11629.10 -1938.10   9           105        765            1
4663  10839.80  26663.00 -4142.87  43           214       1469            1
13150  7385.98   4157.84 -2244.95  69           101        249            1
8734   8554.05  26969.40 -2900.00  35           156       1364            1
      X81.98734877 X0.042989621 X99.92630351  RMSD
6143             1            0            1 0.000
14161            1            0            1 4.887
14346            1            0            1 2.995
4663             1            0            1 4.055
13150            0            0            1 4.010
8734             1            0            1 2.336
[1] 8192

Step 9: Model Building ->  neuralNetworkRMSD ~ Area + ED + Energy + SS + ResidueLength + PairNumber + 
    X100.6079961 + X81.98734877 + X0.042989621 + X99.92630351
a 10-10-1 network with 131 weights
inputs: Area ED Energy SS ResidueLength PairNumber X100.6079961 X81.98734877 X0.042989621 X99.92630351 
output(s): RMSD 
options were - skip-layer connections  linear output units 

Step 10: Prediction using ->  neuralNetwork          [,1]
6143  1.430340
14161 2.401061
14346 2.526995
4663  2.294805
13150 2.782751
8734  2.460349

Step 11: Extracting Actual[1] 0.000 4.887 2.995 4.055 4.010 2.336

Step 12: Model Evaluation     [,1]
[1,] 0.25
     [,1]
[1,] 0.06
[1] 1.43
[1] 36.25
elapsed 
   0.53 
null device 
          1 
            modelName    r    R rmse accuracy totalTime
elapsed neuralNetwork 0.25 0.06 1.43    36.25      0.53

Step 13: Writing to file
Step 14: Saving the Model -> neuralNetwork
Done
Total Time Taken:  0.53  sec
SUCCESSFULLY COMPLETED OPERATION