

Filename : regressionDataSet.csv
Email id :robomex2020@gmail.com
ID : 20201005180730
START
elapsed 
  0.164 

Step 1: Library Inclusion/home/robomex/R/x86_64-pc-linux-gnu-library/3.6 /usr/local/lib/R/site-library /usr/lib/R/site-library /usr/lib/R/library
Step 2: Variable Declaration[1] "neuralNetwork"
[1] "regressionDataSet.csv"

Step 3: Data Loading       RMSD     Area       ED   Energy  SS ResidueLength PairNumber
15450 4.106 13426.60 46265.30 -5784.05  62           273       2061
5740  2.316  5498.23  4180.48 -1499.60 120            88        318
8374  3.587 12205.80 88353.70 -2360.00  16           220       3450
9967  2.252  6621.60 12036.80 -1835.81   8           105        765
314   3.069  5079.37  3067.15 -1182.62  38            67        224
4797  2.619 14454.50 59920.70 -6744.41 163           305       2610
      X100.6079961 X81.98734877 X0.042989621 X99.92630351
15450            1            1            0            1
5740             1            0            0            1
8374             1            1            0            1
9967             1            1            0            1
314              1            0            0            1
4797             1            1            0            1
[1] 16382
 [1] "RMSD"          "Area"          "ED"            "Energy"       
 [5] "SS"            "ResidueLength" "PairNumber"    "X100.6079961" 
 [9] "X81.98734877"  "X0.042989621"  "X99.92630351" 

Step 4: Counting dataset[1] 16382

Step 5: Choose Target Variable[1] "RMSD"

Step 6: Choose Inputs Variable [1] "Area"          "ED"            "Energy"        "SS"           
 [5] "ResidueLength" "PairNumber"    "X100.6079961"  "X81.98734877" 
 [9] "X0.042989621"  "X99.92630351" 
[1] 10

Step 7: Select training dataset          Area       ED   Energy  SS ResidueLength PairNumber X100.6079961
15450 13426.60 46265.30 -5784.05  62           273       2061            1
5740   5498.23  4180.48 -1499.60 120            88        318            1
8374  12205.80 88353.70 -2360.00  16           220       3450            1
9967   6621.60 12036.80 -1835.81   8           105        765            1
314    5079.37  3067.15 -1182.62  38            67        224            1
4797  14454.50 59920.70 -6744.41 163           305       2610            1
      X81.98734877 X0.042989621 X99.92630351  RMSD
15450            1            0            1 4.106
5740             0            0            1 2.316
8374             1            0            1 3.587
9967             1            0            1 2.252
314              0            0            1 3.069
4797             1            0            1 2.619
[1] 8191

Step 8: Select testing dataset         Area       ED    Energy  SS ResidueLength PairNumber X100.6079961
4899 14587.30  51504.5  -4640.00  45           234       2464            1
4770 14327.10  51238.7  -4680.00  39           234       2464            1
937  14445.90 124944.0 -11838.00 237           354       4919            1
1250  7731.19  12852.4  -2817.36  15           132        806            1
1124  4746.93   2021.0  -1375.00   8            60        148            1
796  13413.50  60616.4   -454.00  32           247       2754            1
     X81.98734877 X0.042989621 X99.92630351  RMSD
4899            1            0            1 2.788
4770            1            0            1 2.691
937             1            0            1 0.000
1250            1            0            1 3.857
1124            0            0            1 0.000
796             1            0            1 3.681
[1] 8192

Step 9: Model Building ->  neuralNetworkRMSD ~ Area + ED + Energy + SS + ResidueLength + PairNumber + 
    X100.6079961 + X81.98734877 + X0.042989621 + X99.92630351
a 10-10-1 network with 131 weights
inputs: Area ED Energy SS ResidueLength PairNumber X100.6079961 X81.98734877 X0.042989621 X99.92630351 
output(s): RMSD 
options were - skip-layer connections  linear output units 

Step 10: Prediction using ->  neuralNetwork         [,1]
4899 3.357456
4770 3.320941
937  1.470700
1250 2.760563
1124 2.478017
796  3.428323

Step 11: Extracting Actual[1] 2.788 2.691 0.000 3.857 0.000 3.681

Step 12: Model Evaluation     [,1]
[1,] 0.02
     [,1]
[1,]    0
[1] 1.62
[1] 36.72
elapsed 
  0.731 
null device 
          1 
            modelName    r R rmse accuracy totalTime
elapsed neuralNetwork 0.02 0 1.62    36.72     0.731

Step 13: Writing to file
Step 14: Saving the Model -> neuralNetwork
Done
Total Time Taken:  0.731  sec
SUCCESSFULLY COMPLETED OPERATION