

Filename : regressionDataSet.csv
Email id :8615208@apiit.edu.in
ID : 20171119191812
START
elapsed 
  0.075 

Step 1: Library Inclusion/home/robomex/R/x86_64-pc-linux-gnu-library/3.4 /usr/local/lib/R/site-library /usr/lib/R/site-library /usr/lib/R/library
Step 2: Variable Declaration[1] "neuralNetwork"
[1] "regressionDataSet.csv"

Step 3: Data Loading       RMSD     Area       ED   Energy SS ResidueLength PairNumber X100.6079961
1103  3.485 13781.50 50910.60 -3340.00 40           234       2464            1
16084 3.660  8880.36 27099.20 -1820.00 29           156       1364            1
14844 3.512  7024.78  9183.28 -3125.60 15           138        554            1
5436  2.383  4814.44  3028.91 -1182.64 36            71        249            1
1823  2.971  8709.11 26631.20 -2360.00 27           156       1364            1
7772  3.165 13467.70 79140.10 -5510.00 60           272       3539            1
      X81.98734877 X0.042989621 X99.92630351
1103             1            0            1
16084            1            0            1
14844            1            0            1
5436             0            0            1
1823             1            0            1
7772             1            0            1
[1] 16382
 [1] "RMSD"          "Area"          "ED"            "Energy"       
 [5] "SS"            "ResidueLength" "PairNumber"    "X100.6079961" 
 [9] "X81.98734877"  "X0.042989621"  "X99.92630351" 

Step 4: Counting dataset[1] 16382

Step 5: Choose Target Variable[1] "RMSD"

Step 6: Choose Inputs Variable [1] "Area"          "ED"            "Energy"        "SS"           
 [5] "ResidueLength" "PairNumber"    "X100.6079961"  "X81.98734877" 
 [9] "X0.042989621"  "X99.92630351" 
[1] 10

Step 7: Select training dataset          Area       ED   Energy SS ResidueLength PairNumber X100.6079961
1103  13781.50 50910.60 -3340.00 40           234       2464            1
16084  8880.36 27099.20 -1820.00 29           156       1364            1
14844  7024.78  9183.28 -3125.60 15           138        554            1
5436   4814.44  3028.91 -1182.64 36            71        249            1
1823   8709.11 26631.20 -2360.00 27           156       1364            1
7772  13467.70 79140.10 -5510.00 60           272       3539            1
      X81.98734877 X0.042989621 X99.92630351  RMSD
1103             1            0            1 3.485
16084            1            0            1 3.660
14844            1            0            1 3.512
5436             0            0            1 2.383
1823             1            0            1 2.971
7772             1            0            1 3.165
[1] 8191

Step 8: Select testing dataset          Area       ED   Energy  SS ResidueLength PairNumber X100.6079961
11329  9842.61  30976.7 -3092.20 106           171       1747            1
3524   9257.35  37738.0 -3712.75  41           180       2054            1
9518  15672.90 120654.0 -5380.00  60           271       4426            1
381    7929.02   8877.0 -3570.00  14           129        521            1
10453 10964.30  39742.9 -3932.13  26           193       2118            1
6684  11481.90  36065.1 -4919.72  33           206       1521            1
      X81.98734877 X0.042989621 X99.92630351  RMSD
11329            1            0            1 4.908
3524             1            0            1 4.719
9518             1            0            1 3.794
381              1            0            1 0.000
10453            1            0            1 3.850
6684             1            0            1 0.000
[1] 8192

Step 9: Model Building ->  neuralNetworkRMSD ~ Area + ED + Energy + SS + ResidueLength + PairNumber + 
    X100.6079961 + X81.98734877 + X0.042989621 + X99.92630351
a 10-10-1 network with 131 weights
inputs: Area ED Energy SS ResidueLength PairNumber X100.6079961 X81.98734877 X0.042989621 X99.92630351 
output(s): RMSD 
options were - skip-layer connections  linear output units 

Step 10: Prediction using ->  neuralNetwork          [,1]
11329 2.522144
3524  2.456504
9518  2.786484
381   2.575282
10453 2.702855
6684  2.497044

Step 11: Extracting Actual[1] 4.908 4.719 3.794 0.000 3.850 0.000

Step 12: Model Evaluation     [,1]
[1,] 0.05
     [,1]
[1,]    0
[1] 1.47
[1] 36.47
elapsed 
   0.69 
null device 
          1 
            modelName    r R rmse accuracy totalTime
elapsed neuralNetwork 0.05 0 1.47    36.47      0.69

Step 13: Writing to file
Step 14: Saving the Model -> neuralNetwork
Done
Total Time Taken:  0.69  sec
SUCCESSFULLY COMPLETED OPERATION