

Filename : regressionDataSet.csv
Email id :robomex2020@gmail.com
ID : 20201005180146
START
elapsed 
  0.175 

Step 1: Library Inclusion/home/robomex/R/x86_64-pc-linux-gnu-library/3.6 /usr/local/lib/R/site-library /usr/lib/R/site-library /usr/lib/R/library
Step 2: Variable Declaration[1] "neuralNetwork"
[1] "regressionDataSet.csv"

Step 3: Data Loading       RMSD     Area        ED   Energy SS ResidueLength PairNumber
12412 0.000  9890.00  17482.00 -2680.00 24           137        886
783   4.657  5085.97   4330.18 -1293.45 15            72        340
735   2.826 12603.20  78304.50 -3790.00 47           272       3539
7706  2.776 24801.70 266621.00 -9980.00 68           540       8870
9161  2.478  8338.75   9758.55 -2774.71 89           130        490
10526 4.749  7488.95   8995.95 -1889.40 74           107        517
      X100.6079961 X81.98734877 X0.042989621 X99.92630351
12412            1            1            0            1
783              1            0            0            1
735              1            1            0            1
7706             1            1            0            1
9161             1            1            0            1
10526            1            1            0            1
[1] 16382
 [1] "RMSD"          "Area"          "ED"            "Energy"       
 [5] "SS"            "ResidueLength" "PairNumber"    "X100.6079961" 
 [9] "X81.98734877"  "X0.042989621"  "X99.92630351" 

Step 4: Counting dataset[1] 16382

Step 5: Choose Target Variable[1] "RMSD"

Step 6: Choose Inputs Variable [1] "Area"          "ED"            "Energy"        "SS"           
 [5] "ResidueLength" "PairNumber"    "X100.6079961"  "X81.98734877" 
 [9] "X0.042989621"  "X99.92630351" 
[1] 10

Step 7: Select training dataset          Area        ED   Energy SS ResidueLength PairNumber X100.6079961
12412  9890.00  17482.00 -2680.00 24           137        886            1
783    5085.97   4330.18 -1293.45 15            72        340            1
735   12603.20  78304.50 -3790.00 47           272       3539            1
7706  24801.70 266621.00 -9980.00 68           540       8870            1
9161   8338.75   9758.55 -2774.71 89           130        490            1
10526  7488.95   8995.95 -1889.40 74           107        517            1
      X81.98734877 X0.042989621 X99.92630351  RMSD
12412            1            0            1 0.000
783              0            0            1 4.657
735              1            0            1 2.826
7706             1            0            1 2.776
9161             1            0            1 2.478
10526            1            0            1 4.749
[1] 8191

Step 8: Select testing dataset          Area          ED  Energy  SS ResidueLength PairNumber X100.6079961
14133 15168.70 126647.0000 -5984.0  48           314       4913            1
1687   9301.59  28691.7000 -3371.9  35           179       1626            1
5703   2959.83     49.9295  -322.0   8            33          5            1
6558   8826.09  28460.0000 -4927.0  21           183       1522            1
7414   9865.62  30253.8000 -3115.4 120           171       1747            1
1415  16289.00 117560.0000 -3790.0  60           271       4426            1
      X81.98734877 X0.042989621 X99.92630351  RMSD
14133            1            0            1 0.000
1687             1            0            1 4.427
5703             0            0            1 1.148
6558             1            0            1 0.000
7414             1            0            1 4.584
1415             1            0            1 2.437
[1] 8192

Step 9: Model Building ->  neuralNetworkRMSD ~ Area + ED + Energy + SS + ResidueLength + PairNumber + 
    X100.6079961 + X81.98734877 + X0.042989621 + X99.92630351
a 10-10-1 network with 131 weights
inputs: Area ED Energy SS ResidueLength PairNumber X100.6079961 X81.98734877 X0.042989621 X99.92630351 
output(s): RMSD 
options were - skip-layer connections  linear output units 

Step 10: Prediction using ->  neuralNetwork          [,1]
14133 2.334484
1687  2.568615
5703  2.469611
6558  2.416846
7414  2.648352
1415  3.014726

Step 11: Extracting Actual[1] 0.000 4.427 1.148 0.000 4.584 2.437

Step 12: Model Evaluation     [,1]
[1,] 0.23
     [,1]
[1,] 0.05
[1] 1.42
[1] 37.39
elapsed 
  0.622 
null device 
          1 
            modelName    r    R rmse accuracy totalTime
elapsed neuralNetwork 0.23 0.05 1.42    37.39     0.622

Step 13: Writing to file
Step 14: Saving the Model -> neuralNetwork
Done
Total Time Taken:  0.622  sec
SUCCESSFULLY COMPLETED OPERATION