

Filename : regressionDataSet.csv
Email id :8615208@apiit.edu.in
ID : 20171119171150
START
elapsed 
  0.069 

Step 1: Library Inclusion
Step 2: Variable Declaration[1] "neuralNetwork"
[1] "regressionDataSet.csv"

Step 3: Data Loading       RMSD     Area       ED    Energy  SS ResidueLength PairNumber
940   0.000 19057.60 366884.0 -14247.00 111           472      12970
3267  4.313  9340.39  37980.5  -3775.14  40           180       2054
11419 4.835 15454.70  80324.3  -7021.05  70           320       3466
1062  4.472  9462.34  16404.4  -2979.67  81           172        973
13663 3.943 13241.30  82207.1  -4980.00  52           272       3539
5411  0.000 14726.40  79194.0  -6063.00  33           265       3138
      X100.6079961 X81.98734877 X0.042989621 X99.92630351
940              1            1            0            1
3267             1            1            0            1
11419            1            1            0            1
1062             1            1            0            1
13663            1            1            0            1
5411             1            1            0            1
[1] 16382
 [1] "RMSD"          "Area"          "ED"            "Energy"       
 [5] "SS"            "ResidueLength" "PairNumber"    "X100.6079961" 
 [9] "X81.98734877"  "X0.042989621"  "X99.92630351" 

Step 4: Counting dataset[1] 16382

Step 5: Choose Target Variablecharacter(0)

Step 6: Choose Inputs Variable [1] "RMSD"          "Area"          "ED"            "Energy"       
 [5] "SS"            "ResidueLength" "PairNumber"    "X100.6079961" 
 [9] "X81.98734877"  "X0.042989621"  "X99.92630351" 
[1] 11

Step 7: Select training dataset       RMSD     Area       ED    Energy  SS ResidueLength PairNumber
940   0.000 19057.60 366884.0 -14247.00 111           472      12970
3267  4.313  9340.39  37980.5  -3775.14  40           180       2054
11419 4.835 15454.70  80324.3  -7021.05  70           320       3466
1062  4.472  9462.34  16404.4  -2979.67  81           172        973
13663 3.943 13241.30  82207.1  -4980.00  52           272       3539
5411  0.000 14726.40  79194.0  -6063.00  33           265       3138
      X100.6079961 X81.98734877 X0.042989621 X99.92630351
940              1            1            0            1
3267             1            1            0            1
11419            1            1            0            1
1062             1            1            0            1
13663            1            1            0            1
5411             1            1            0            1
[1] 8191

Step 8: Select testing dataset       RMSD     Area          ED   Energy  SS ResidueLength PairNumber
5254  3.994  4344.66   4011.0600 -1422.23  13            72        340
12060 2.921  6673.34   5294.2500 -1362.09  63           108        318
1628  0.000  9432.26  25734.0000 -4786.00  24           165       1411
1935  0.000  8240.49  20802.0000 -4778.00  32           175       1171
1907  1.800  2389.95     65.0214  -309.00  96            33          5
11447 2.720 13708.30 142243.0000 -6245.81 160           308       6057
      X100.6079961 X81.98734877 X0.042989621 X99.92630351
5254             1            0            0            1
12060            1            0            0            1
1628             1            1            0            1
1935             1            1            0            1
1907             1            0            0            1
11447            1            1            0            1
[1] 8192

Step 9: Model Building ->  neuralNetwork~RMSD + Area + ED + Energy + SS + ResidueLength + PairNumber + 
    X100.6079961 + X81.98734877 + X0.042989621 + X99.92630351
