

Filename : regressionDataSet.csv
Email id :8615208@apiit.edu.in
ID : 20171119180725
START
elapsed 
  0.062 

Step 1: Library Inclusion/home/robomex/R/x86_64-pc-linux-gnu-library/3.4 /usr/local/lib/R/site-library /usr/lib/R/site-library /usr/lib/R/library
Step 2: Variable Declaration[1] "neuralNetwork"
[1] "regressionDataSet.csv"

Step 3: Data Loading       RMSD     Area          ED Energy  SS ResidueLength PairNumber
1694  0.000  9624.16  32837.0000  -4625 195           137       1624
3856  0.000  7409.61  16920.0000  -2584  45           130        932
14966 0.000  6446.21   9157.0000  -1169  17           111        617
1456  0.975  2643.50     50.7956   -571   6            33          5
70    2.623 17682.40 174076.0000   6300  66           403       6746
6867  1.855 19263.10 156076.0000  -8550  77           449       5537
      X100.6079961 X81.98734877 X0.042989621 X99.92630351
1694             1            1            0            1
3856             1            1            0            1
14966            1            1            0            1
1456             1            0            0            1
70               1            1            0            0
6867             1            1            0            1
[1] 16382
 [1] "RMSD"          "Area"          "ED"            "Energy"       
 [5] "SS"            "ResidueLength" "PairNumber"    "X100.6079961" 
 [9] "X81.98734877"  "X0.042989621"  "X99.92630351" 

Step 4: Counting dataset[1] 16382

Step 5: Choose Target Variable[1] "RMSD"

Step 6: Choose Inputs Variable [1] "Area"          "ED"            "Energy"        "SS"           
 [5] "ResidueLength" "PairNumber"    "X100.6079961"  "X81.98734877" 
 [9] "X0.042989621"  "X99.92630351" 
[1] 10

Step 7: Select training dataset          Area          ED Energy  SS ResidueLength PairNumber X100.6079961
1694   9624.16  32837.0000  -4625 195           137       1624            1
3856   7409.61  16920.0000  -2584  45           130        932            1
14966  6446.21   9157.0000  -1169  17           111        617            1
1456   2643.50     50.7956   -571   6            33          5            1
70    17682.40 174076.0000   6300  66           403       6746            1
6867  19263.10 156076.0000  -8550  77           449       5537            1
      X81.98734877 X0.042989621 X99.92630351  RMSD
1694             1            0            1 0.000
3856             1            0            1 0.000
14966            1            0            1 0.000
1456             0            0            1 0.975
70               1            0            0 2.623
6867             1            0            1 1.855
[1] 8191

Step 8: Select testing dataset          Area          ED   Energy  SS ResidueLength PairNumber X100.6079961
13106  9758.09  36840.4000 -3920.00  34           196       1997            1
13886  3870.42   1443.0400  -989.00  42            52        133            1
15499  2448.47     52.3023  -417.00   6            33          5            1
13071  9691.07  26437.5000 -3341.08  27           174       1415            1
13892  3962.29   1456.1300 -1002.60  41            52        133            1
10268 20673.00 232975.0000 -5700.00 100           537       8350            1
      X81.98734877 X0.042989621 X99.92630351  RMSD
13106            1            0            1 3.171
13886            0            0            1 2.017
15499            0            0            1 0.783
13071            1            0            1 3.597
13892            0            0            1 2.123
10268            1            0            1 3.430
[1] 8192

Step 9: Model Building ->  neuralNetworkRMSD ~ Area + ED + Energy + SS + ResidueLength + PairNumber + 
    X100.6079961 + X81.98734877 + X0.042989621 + X99.92630351
a 10-10-1 network with 131 weights
inputs: Area ED Energy SS ResidueLength PairNumber X100.6079961 X81.98734877 X0.042989621 X99.92630351 
output(s): RMSD 
options were - skip-layer connections  linear output units 

Step 10: Prediction using ->  neuralNetwork           [,1]
13106 2.3817528
13886 2.3881564
15499 2.4690359
13071 2.5650172
13892 2.4101079
10268 0.9245279

Step 11: Extracting Actual[1] 3.171 2.017 0.783 3.597 2.123 3.430

Step 12: Model Evaluation     [,1]
[1,] 0.18
     [,1]
[1,] 0.03
[1] 1.43
[1] 36.4
elapsed 
  1.123 
null device 
          1 
            modelName    r    R rmse accuracy totalTime
elapsed neuralNetwork 0.18 0.03 1.43     36.4     1.123

Step 13: Writing to file
Step 14: Saving the Model -> neuralNetwork
Done
Total Time Taken:  1.123  sec
SUCCESSFULLY COMPLETED OPERATION