

Filename : regressionDataSet.csv
Email id :8615208@apiit.edu.in
ID : 20171119191921
START
elapsed 
  0.072 

Step 1: Library Inclusion/home/robomex/R/x86_64-pc-linux-gnu-library/3.4 /usr/local/lib/R/site-library /usr/lib/R/site-library /usr/lib/R/library
Step 2: Variable Declaration[1] "neuralNetwork"
[1] "regressionDataSet.csv"

Step 3: Data Loading       RMSD     Area       ED   Energy  SS ResidueLength PairNumber
3826  4.679 13604.30  52369.8 -6090.45  52           288       2334
16190 0.000 12682.00  38214.0 -7171.00  19           162        890
6691  4.931  9387.46  30855.1 -3223.00 126           171       1747
28    2.885 12024.80 115245.0 -2020.00  47           235       4905
4486  2.989  6358.01  10259.0 -2830.00  14           109        689
10399 3.284 13111.50  50476.4 -5010.00  27           215       2188
      X100.6079961 X81.98734877 X0.042989621 X99.92630351
3826             1            1            0            1
16190            1            1            0            1
6691             1            1            0            1
28               1            1            0            1
4486             1            1            0            1
10399            1            1            0            1
[1] 16382
 [1] "RMSD"          "Area"          "ED"            "Energy"       
 [5] "SS"            "ResidueLength" "PairNumber"    "X100.6079961" 
 [9] "X81.98734877"  "X0.042989621"  "X99.92630351" 

Step 4: Counting dataset[1] 16382

Step 5: Choose Target Variable[1] "RMSD"

Step 6: Choose Inputs Variable [1] "Area"          "ED"            "Energy"        "SS"           
 [5] "ResidueLength" "PairNumber"    "X100.6079961"  "X81.98734877" 
 [9] "X0.042989621"  "X99.92630351" 
[1] 10

Step 7: Select training dataset          Area       ED   Energy  SS ResidueLength PairNumber X100.6079961
3826  13604.30  52369.8 -6090.45  52           288       2334            1
16190 12682.00  38214.0 -7171.00  19           162        890            1
6691   9387.46  30855.1 -3223.00 126           171       1747            1
28    12024.80 115245.0 -2020.00  47           235       4905            1
4486   6358.01  10259.0 -2830.00  14           109        689            1
10399 13111.50  50476.4 -5010.00  27           215       2188            1
      X81.98734877 X0.042989621 X99.92630351  RMSD
3826             1            0            1 4.679
16190            1            0            1 0.000
6691             1            0            1 4.931
28               1            0            1 2.885
4486             1            0            1 2.989
10399            1            0            1 3.284
[1] 8191

Step 8: Select testing dataset         Area      ED Energy SS ResidueLength PairNumber X100.6079961
722   14492.6 74877.0  -9693 58           349       3135            1
6829  10693.5 85443.0  -1830 21           220       3450            1
5818  13179.0 73661.9  -3190 37           249       3630            1
7846  10787.0 29153.0  -3684 22           187       1361            1
14347 11256.4 50455.1  -4220 18           216       2677            1
820   13749.4 59648.0  -5627 32           275       2753            1
      X81.98734877 X0.042989621 X99.92630351  RMSD
722              1            0            1 0.000
6829             1            0            1 3.181
5818             1            0            1 2.443
7846             1            0            1 0.000
14347            1            0            1 3.135
820              1            0            1 0.000
[1] 8192

Step 9: Model Building ->  neuralNetworkRMSD ~ Area + ED + Energy + SS + ResidueLength + PairNumber + 
    X100.6079961 + X81.98734877 + X0.042989621 + X99.92630351
a 10-10-1 network with 131 weights
inputs: Area ED Energy SS ResidueLength PairNumber X100.6079961 X81.98734877 X0.042989621 X99.92630351 
output(s): RMSD 
options were - skip-layer connections  linear output units 

Step 10: Prediction using ->  neuralNetwork          [,1]
722   1.429744
6829  2.747210
5818  3.187290
7846  2.772676
14347 2.093975
820   1.952507

Step 11: Extracting Actual[1] 0.000 3.181 2.443 0.000 3.135 0.000

Step 12: Model Evaluation     [,1]
[1,]  0.3
     [,1]
[1,] 0.09
[1] 1.38
[1] 37.17
elapsed 
  1.466 
null device 
          1 
            modelName   r    R rmse accuracy totalTime
elapsed neuralNetwork 0.3 0.09 1.38    37.17     1.466

Step 13: Writing to file
Step 14: Saving the Model -> neuralNetwork
Done
Total Time Taken:  1.466  sec
SUCCESSFULLY COMPLETED OPERATION