

Filename : regressionDataSet.csv
Email id :8615208@apiit.edu.in
ID : 20171119181817
START
elapsed 
  0.064 

Step 1: Library Inclusion/home/robomex/R/x86_64-pc-linux-gnu-library/3.4 /usr/local/lib/R/site-library /usr/lib/R/site-library /usr/lib/R/library
Step 2: Variable Declaration[1] "neuralNetwork"
[1] "regressionDataSet.csv"

Step 3: Data Loading       RMSD     Area       ED   Energy SS ResidueLength PairNumber X100.6079961
234   4.030 11109.50  43303.4 -3370.00 20           196       1885            1
13702 4.067 11396.00  28779.2 -3050.00 17           194       1521            1
8673  0.000  9613.92  46675.0 -3183.00 36           202       2319            1
9735  4.811 23126.10 277014.0 -9831.27 72           468       9276            1
10833 4.824  9229.76  16607.9 -4010.95 86           172        973            1
3945  0.000 16031.20 200576.0 -9010.00 74           386       7345            1
      X81.98734877 X0.042989621 X99.92630351
234              1            0            1
13702            1            0            1
8673             1            0            1
9735             1            0            1
10833            1            0            1
3945             1            0            1
[1] 16382
 [1] "RMSD"          "Area"          "ED"            "Energy"       
 [5] "SS"            "ResidueLength" "PairNumber"    "X100.6079961" 
 [9] "X81.98734877"  "X0.042989621"  "X99.92630351" 

Step 4: Counting dataset[1] 16382

Step 5: Choose Target Variable[1] "RMSD"

Step 6: Choose Inputs Variable [1] "Area"          "ED"            "Energy"        "SS"           
 [5] "ResidueLength" "PairNumber"    "X100.6079961"  "X81.98734877" 
 [9] "X0.042989621"  "X99.92630351" 
[1] 10

Step 7: Select training dataset          Area       ED   Energy SS ResidueLength PairNumber X100.6079961
234   11109.50  43303.4 -3370.00 20           196       1885            1
13702 11396.00  28779.2 -3050.00 17           194       1521            1
8673   9613.92  46675.0 -3183.00 36           202       2319            1
9735  23126.10 277014.0 -9831.27 72           468       9276            1
10833  9229.76  16607.9 -4010.95 86           172        973            1
3945  16031.20 200576.0 -9010.00 74           386       7345            1
      X81.98734877 X0.042989621 X99.92630351  RMSD
234              1            0            1 4.030
13702            1            0            1 4.067
8673             1            0            1 0.000
9735             1            0            1 4.811
10833            1            0            1 4.824
3945             1            0            1 0.000
[1] 8191

Step 8: Select testing dataset          Area       ED   Energy SS ResidueLength PairNumber X100.6079961
2826  14953.70 140515.0 -4390.00 62           315       5844            1
1570  11326.50  36370.7  -401.00 37           166       1111            1
12890  7516.37  25901.1 -3110.00 30           156       1364            1
6831   8349.04  25570.1 -2650.00 36           156       1364            1
5816  10563.80  43273.5 -4891.24 29           229       2188            1
663   11265.70  30905.5  -899.00 31           166       1111            1
      X81.98734877 X0.042989621 X99.92630351  RMSD
2826             1            0            1 3.690
1570             1            0            1 3.799
12890            1            0            1 2.168
6831             1            0            1 4.818
5816             1            0            1 0.000
663              1            0            1 3.817
[1] 8192

Step 9: Model Building ->  neuralNetworkRMSD ~ Area + ED + Energy + SS + ResidueLength + PairNumber + 
    X100.6079961 + X81.98734877 + X0.042989621 + X99.92630351
a 10-10-1 network with 131 weights
inputs: Area ED Energy SS ResidueLength PairNumber X100.6079961 X81.98734877 X0.042989621 X99.92630351 
output(s): RMSD 
options were - skip-layer connections  linear output units 

Step 10: Prediction using ->  neuralNetwork          [,1]
2826  2.612175
1570  3.031491
12890 2.268060
6831  2.475598
5816  2.162246
663   3.026990

Step 11: Extracting Actual[1] 3.690 3.799 2.168 4.818 0.000 3.817

Step 12: Model Evaluation     [,1]
[1,] 0.03
     [,1]
[1,]    0
[1] 1.55
[1] 37.49
elapsed 
   0.54 
null device 
          1 
            modelName    r R rmse accuracy totalTime
elapsed neuralNetwork 0.03 0 1.55    37.49      0.54

Step 13: Writing to file
Step 14: Saving the Model -> neuralNetwork
Done
Total Time Taken:  0.54  sec
SUCCESSFULLY COMPLETED OPERATION