

Filename : regressionDataSet.csv
Email id :8615208@apiit.edu.in
ID : 20171119185838
START
elapsed 
  0.164 

Step 1: Library Inclusion/home/robomex/R/x86_64-pc-linux-gnu-library/3.4 /usr/local/lib/R/site-library /usr/lib/R/site-library /usr/lib/R/library
Step 2: Variable Declaration[1] "neuralNetwork"
[1] "regressionDataSet.csv"

Step 3: Data Loading       RMSD     Area        ED   Energy SS ResidueLength PairNumber
3444  1.208  5317.98   4235.72 -1760.00 13            88        292
4541  2.920  7519.28   4930.65 -1790.00 21            86        205
9212  2.214 12626.10 116108.00 -3330.00 46           235       4905
8766  0.000 11622.30  56288.00 -5022.00 48           227       2461
12432 2.666  9922.76  38645.10 -4042.17 27           193       2118
11874 0.000  9755.31   7573.00 -3094.00 75           135        483
      X100.6079961 X81.98734877 X0.042989621 X99.92630351
3444             1            0            0            1
4541             1            0            0            1
9212             1            1            0            1
8766             1            1            0            1
12432            1            1            0            1
11874            1            0            0            1
[1] 16382
 [1] "RMSD"          "Area"          "ED"            "Energy"       
 [5] "SS"            "ResidueLength" "PairNumber"    "X100.6079961" 
 [9] "X81.98734877"  "X0.042989621"  "X99.92630351" 

Step 4: Counting dataset[1] 16382

Step 5: Choose Target Variable[1] "RMSD"

Step 6: Choose Inputs Variable [1] "Area"          "ED"            "Energy"        "SS"           
 [5] "ResidueLength" "PairNumber"    "X100.6079961"  "X81.98734877" 
 [9] "X0.042989621"  "X99.92630351" 
[1] 10

Step 7: Select training dataset          Area        ED   Energy SS ResidueLength PairNumber X100.6079961
3444   5317.98   4235.72 -1760.00 13            88        292            1
4541   7519.28   4930.65 -1790.00 21            86        205            1
9212  12626.10 116108.00 -3330.00 46           235       4905            1
8766  11622.30  56288.00 -5022.00 48           227       2461            1
12432  9922.76  38645.10 -4042.17 27           193       2118            1
11874  9755.31   7573.00 -3094.00 75           135        483            1
      X81.98734877 X0.042989621 X99.92630351  RMSD
3444             0            0            1 1.208
4541             0            0            1 2.920
9212             1            0            1 2.214
8766             1            0            1 0.000
12432            1            0            1 2.666
11874            0            0            1 0.000
[1] 8191

Step 8: Select testing dataset          Area       ED   Energy SS ResidueLength PairNumber X100.6079961
8440  23159.30 280482.0 -8307.00 80           468       9276            1
2647  20726.60 232557.0 13000.00 84           537       8350            1
7586   9970.82  10564.7 -1830.00 37           154        587            1
3828   8171.24  15980.0 -4727.00 63           166        980            1
7841   9509.27  32953.8 -3551.35 94           176       1922            1
10292 11139.70  52064.0  -621.00 57           224       2192            1
      X81.98734877 X0.042989621 X99.92630351  RMSD
8440             1            0            1 4.586
2647             1            0            0 2.749
7586             1            0            1 2.526
3828             1            0            1 0.000
7841             1            0            1 3.685
10292            1            0            1 3.072
[1] 8192

Step 9: Model Building ->  neuralNetworkRMSD ~ Area + ED + Energy + SS + ResidueLength + PairNumber + 
    X100.6079961 + X81.98734877 + X0.042989621 + X99.92630351
a 10-10-1 network with 131 weights
inputs: Area ED Energy SS ResidueLength PairNumber X100.6079961 X81.98734877 X0.042989621 X99.92630351 
output(s): RMSD 
options were - skip-layer connections  linear output units 

Step 10: Prediction using ->  neuralNetwork          [,1]
8440  2.257418
2647  2.250962
7586  2.575863
3828  2.030203
7841  2.567350
10292 2.455994

Step 11: Extracting Actual[1] 4.586 2.749 2.526 0.000 3.685 3.072

Step 12: Model Evaluation     [,1]
[1,]    0
     [,1]
[1,]    0
[1] 2.19
[1] 37.06
elapsed 
  0.775 
null device 
          1 
            modelName r R rmse accuracy totalTime
elapsed neuralNetwork 0 0 2.19    37.06     0.775

Step 13: Writing to file
Step 14: Saving the Model -> neuralNetwork
Done
Total Time Taken:  0.775  sec
SUCCESSFULLY COMPLETED OPERATION