

Filename : regressionDataSet.csv
Email id :8615208@apiit.edu.in
ID : 20171119180129
START
elapsed 
  0.059 

Step 1: Library Inclusion/home/robomex/R/x86_64-pc-linux-gnu-library/3.4 /usr/local/lib/R/site-library /usr/lib/R/site-library /usr/lib/R/library
Step 2: Variable Declaration[1] "neuralNetwork"
[1] "regressionDataSet.csv"

Step 3: Data Loading       RMSD     Area       ED    Energy  SS ResidueLength PairNumber
16334 4.648 13684.60  52970.9  -5976.25  53           288       2334
1511  4.735  7486.25  14497.6  -2276.45  84           120        809
14759 3.740 23494.80 267673.0 -10300.00  86           540       8870
12740 2.752 13073.10  91000.1  -6130.00  58           254       3885
4690  0.000 20201.20 149687.0  -8964.00 120           430       5126
10542 4.499 12045.00  71830.5  -6056.77  29           262       3211
      X100.6079961 X81.98734877 X0.042989621 X99.92630351
16334            1            1            0            1
1511             1            1            0            1
14759            1            1            0            1
12740            1            1            0            1
4690             1            1            0            1
10542            1            1            0            1
[1] 16382
 [1] "RMSD"          "Area"          "ED"            "Energy"       
 [5] "SS"            "ResidueLength" "PairNumber"    "X100.6079961" 
 [9] "X81.98734877"  "X0.042989621"  "X99.92630351" 

Step 4: Counting dataset[1] 16382

Step 5: Choose Target Variable[1] "RMSD"

Step 6: Choose Inputs Variable [1] "Area"          "ED"            "Energy"        "SS"           
 [5] "ResidueLength" "PairNumber"    "X100.6079961"  "X81.98734877" 
 [9] "X0.042989621"  "X99.92630351" 
[1] 10

Step 7: Select training dataset          Area       ED    Energy  SS ResidueLength PairNumber X100.6079961
16334 13684.60  52970.9  -5976.25  53           288       2334            1
1511   7486.25  14497.6  -2276.45  84           120        809            1
14759 23494.80 267673.0 -10300.00  86           540       8870            1
12740 13073.10  91000.1  -6130.00  58           254       3885            1
4690  20201.20 149687.0  -8964.00 120           430       5126            1
10542 12045.00  71830.5  -6056.77  29           262       3211            1
      X81.98734877 X0.042989621 X99.92630351  RMSD
16334            1            0            1 4.648
1511             1            0            1 4.735
14759            1            0            1 3.740
12740            1            0            1 2.752
4690             1            0            1 0.000
10542            1            0            1 4.499
[1] 8191

Step 8: Select testing dataset          Area       ED   Energy  SS ResidueLength PairNumber X100.6079961
10319  6308.91  10287.3 -3370.00  16           109        689            1
2936   7937.17  11971.6 -2503.02  70           128        693            1
9471  20947.00 156105.0 -8543.00 105           452       5433            1
3206   9767.79  35207.9 -4456.86 130           208       1691            1
8530  15792.70 194197.0 -9760.00  66           390       7459            1
10889 19609.80 211971.0 -9450.00  90           443       7714            1
      X81.98734877 X0.042989621 X99.92630351  RMSD
10319            1            0            1 2.978
2936             1            0            1 4.495
9471             1            0            1 0.000
3206             1            0            1 4.315
8530             1            0            1 3.753
10889            1            0            1 0.000
[1] 8192

Step 9: Model Building ->  neuralNetworkRMSD ~ Area + ED + Energy + SS + ResidueLength + PairNumber + 
    X100.6079961 + X81.98734877 + X0.042989621 + X99.92630351
a 10-10-1 network with 131 weights
inputs: Area ED Energy SS ResidueLength PairNumber X100.6079961 X81.98734877 X0.042989621 X99.92630351 
output(s): RMSD 
options were - skip-layer connections  linear output units 

Step 10: Prediction using ->  neuralNetwork          [,1]
10319 2.460825
2936  2.488295
9471  1.528506
3206  2.007166
8530  1.581611
10889 1.609264

Step 11: Extracting Actual[1] 2.978 4.495 0.000 4.315 3.753 0.000

Step 12: Model Evaluation     [,1]
[1,] 0.06
     [,1]
[1,]    0
[1] 1.45
[1] 36.33
elapsed 
  0.718 
null device 
          1 
            modelName    r R rmse accuracy totalTime
elapsed neuralNetwork 0.06 0 1.45    36.33     0.718

Step 13: Writing to file
Step 14: Saving the Model -> neuralNetwork
Done
Total Time Taken:  0.718  sec