

Filename : regressionDataSet.csv
Email id :8615208@apiit.edu.in
ID : 20171119194723
START
elapsed 
   0.07 

Step 1: Library Inclusion/home/robomex/R/x86_64-pc-linux-gnu-library/3.4 /usr/local/lib/R/site-library /usr/lib/R/site-library /usr/lib/R/library
Step 2: Variable Declaration[1] "neuralNetwork"
[1] "regressionDataSet.csv"

Step 3: Data Loading       RMSD     Area      ED   Energy SS ResidueLength PairNumber X100.6079961
14391 3.157  8878.50 38663.3 -2950.00 32           196       1885            1
5     4.454  7102.16 14148.8 -2381.15 85           120        809            1
12621 3.863  8025.84 12885.1 -2758.55 16           132        806            1
7862  2.868  9849.46 10358.3 -2690.00 35           154        587            1
7630  0.000 10869.50 37399.0 -3637.00 32           230       1877            1
13844 2.305 13952.10 57587.3 -3970.00 52           224       2192            1
      X81.98734877 X0.042989621 X99.92630351
14391            1            0            1
5                1            0            1
12621            1            0            1
7862             1            0            1
7630             1            0            1
13844            1            0            1
[1] 16382
 [1] "RMSD"          "Area"          "ED"            "Energy"       
 [5] "SS"            "ResidueLength" "PairNumber"    "X100.6079961" 
 [9] "X81.98734877"  "X0.042989621"  "X99.92630351" 

Step 4: Counting dataset[1] 16382

Step 5: Choose Target Variable[1] "RMSD"

Step 6: Choose Inputs Variable [1] "Area"          "ED"            "Energy"        "SS"           
 [5] "ResidueLength" "PairNumber"    "X100.6079961"  "X81.98734877" 
 [9] "X0.042989621"  "X99.92630351" 
[1] 10

Step 7: Select training dataset          Area      ED   Energy SS ResidueLength PairNumber X100.6079961
14391  8878.50 38663.3 -2950.00 32           196       1885            1
5      7102.16 14148.8 -2381.15 85           120        809            1
12621  8025.84 12885.1 -2758.55 16           132        806            1
7862   9849.46 10358.3 -2690.00 35           154        587            1
7630  10869.50 37399.0 -3637.00 32           230       1877            1
13844 13952.10 57587.3 -3970.00 52           224       2192            1
      X81.98734877 X0.042989621 X99.92630351  RMSD
14391            1            0            1 3.157
5                1            0            1 4.454
12621            1            0            1 3.863
7862             1            0            1 2.868
7630             1            0            1 0.000
13844            1            0            1 2.305
[1] 8191

Step 8: Select testing dataset         Area        ED    Energy  SS ResidueLength PairNumber X100.6079961
1128 15785.50 123102.00  -8574.00 100           317       4724            1
7603  5200.77   4513.55   -727.00  16            88        292            1
7496 20183.70 410899.00 -11300.00  69           473      14125            1
7824  7671.88  12797.70  -2668.79  36           123        655            1
6931  7174.03   3027.00  -2085.00  11           108        187            1
4945  4841.94   2749.27  -1316.02  52            67        224            1
     X81.98734877 X0.042989621 X99.92630351  RMSD
1128            1            0            1 0.000
7603            0            0            1 2.430
7496            1            0            1 2.213
7824            1            0            1 0.000
6931            0            0            1 0.000
4945            0            0            1 1.682
[1] 8192

Step 9: Model Building ->  neuralNetworkRMSD ~ Area + ED + Energy + SS + ResidueLength + PairNumber + 
    X100.6079961 + X81.98734877 + X0.042989621 + X99.92630351
a 10-10-1 network with 131 weights
inputs: Area ED Energy SS ResidueLength PairNumber X100.6079961 X81.98734877 X0.042989621 X99.92630351 
output(s): RMSD 
options were - skip-layer connections  linear output units 

Step 10: Prediction using ->  neuralNetwork         [,1]
1128 2.273530
7603 2.300043
7496 2.016886
7824 2.519128
6931 2.636305
4945 2.409294

Step 11: Extracting Actual[1] 0.000 2.430 2.213 0.000 0.000 1.682

Step 12: Model Evaluation     [,1]
[1,] 0.24
     [,1]
[1,] 0.06
[1] 1.43
[1] 35.67
elapsed 
  0.999 
null device 
          1 
            modelName    r    R rmse accuracy totalTime
elapsed neuralNetwork 0.24 0.06 1.43    35.67     0.999

Step 13: Writing to file
Step 14: Saving the Model -> neuralNetwork
Done
Total Time Taken:  0.999  sec
SUCCESSFULLY COMPLETED OPERATION