

Filename : regressionDataSet.csv
Email id :8615208@apiit.edu.in
ID : 20171119194613
START
elapsed 
  0.071 

Step 1: Library Inclusion/home/robomex/R/x86_64-pc-linux-gnu-library/3.4 /usr/local/lib/R/site-library /usr/lib/R/site-library /usr/lib/R/library
Step 2: Variable Declaration[1] "neuralNetwork"
[1] "regressionDataSet.csv"

Step 3: Data Loading       RMSD     Area       ED   Energy  SS ResidueLength PairNumber
3756  0.000  8049.00  15594.0 -4192.00  28           140        771
5193  0.000  7157.98  17570.0 -2765.00  62           110        929
2322  2.415 20797.30 410047.0 -8400.00  63           473      14125
12507 2.453 11748.90  74588.2 -5980.00  36           249       3630
8449  3.540 10907.10  57655.2 -4498.03 138           217       2904
11493 3.178 14758.70 144611.0 -5975.82 162           308       6057
      X100.6079961 X81.98734877 X0.042989621 X99.92630351
3756             1            1            0            1
5193             1            1            0            1
2322             1            1            0            1
12507            1            1            0            1
8449             1            1            0            1
11493            1            1            0            1
[1] 16382
 [1] "RMSD"          "Area"          "ED"            "Energy"       
 [5] "SS"            "ResidueLength" "PairNumber"    "X100.6079961" 
 [9] "X81.98734877"  "X0.042989621"  "X99.92630351" 

Step 4: Counting dataset[1] 16382

Step 5: Choose Target Variable[1] "RMSD"

Step 6: Choose Inputs Variable [1] "Area"          "ED"            "Energy"        "SS"           
 [5] "ResidueLength" "PairNumber"    "X100.6079961"  "X81.98734877" 
 [9] "X0.042989621"  "X99.92630351" 
[1] 10

Step 7: Select training dataset          Area       ED   Energy  SS ResidueLength PairNumber X100.6079961
3756   8049.00  15594.0 -4192.00  28           140        771            1
5193   7157.98  17570.0 -2765.00  62           110        929            1
2322  20797.30 410047.0 -8400.00  63           473      14125            1
12507 11748.90  74588.2 -5980.00  36           249       3630            1
8449  10907.10  57655.2 -4498.03 138           217       2904            1
11493 14758.70 144611.0 -5975.82 162           308       6057            1
      X81.98734877 X0.042989621 X99.92630351  RMSD
3756             1            0            1 0.000
5193             1            0            1 0.000
2322             1            0            1 2.415
12507            1            0            1 2.453
8449             1            0            1 3.540
11493            1            0            1 3.178
[1] 8191

Step 8: Select testing dataset          Area       ED   Energy  SS ResidueLength PairNumber X100.6079961
5061   6515.93  12244.7 -1842.63   6           105        765            1
8305   8931.22  17111.8 -2648.78  78           142        844            1
4238  13002.50  52176.0 -4553.00  57           246       2393            1
9685  10174.70  10322.3 -2180.00  34           154        587            1
11656 13791.60 124156.0 -7384.00 156           287       5016            1
14529 10713.60  37305.2 -4084.31 107           205       1751            1
      X81.98734877 X0.042989621 X99.92630351  RMSD
5061             1            0            1 2.634
8305             1            0            1 4.808
4238             1            0            1 0.000
9685             1            0            1 2.929
11656            1            0            1 0.000
14529            1            0            1 2.837
[1] 8192

Step 9: Model Building ->  neuralNetworkRMSD ~ Area + ED + Energy + SS + ResidueLength + PairNumber + 
    X100.6079961 + X81.98734877 + X0.042989621 + X99.92630351
a 10-10-1 network with 131 weights
inputs: Area ED Energy SS ResidueLength PairNumber X100.6079961 X81.98734877 X0.042989621 X99.92630351 
output(s): RMSD 
options were - skip-layer connections  linear output units 

Step 10: Prediction using ->  neuralNetwork          [,1]
5061  2.496843
8305  2.724271
4238  2.966697
9685  2.934747
11656 1.828099
14529 2.655655

Step 11: Extracting Actual[1] 2.634 4.808 0.000 2.929 0.000 2.837

Step 12: Model Evaluation     [,1]
[1,] 0.06
     [,1]
[1,]    0
[1] 1.43
[1] 36.74
elapsed 
  0.939 
null device 
          1 
            modelName    r R rmse accuracy totalTime
elapsed neuralNetwork 0.06 0 1.43    36.74     0.939

Step 13: Writing to file
Step 14: Saving the Model -> neuralNetwork
Done
Total Time Taken:  0.939  sec
SUCCESSFULLY COMPLETED OPERATION