

Filename : regressionDataSet.csv
Email id :8615208@apiit.edu.in
ID : 20171119174715
START
elapsed 
  0.064 

Step 1: Library Inclusion/home/robomex/R/x86_64-pc-linux-gnu-library/3.4 /usr/local/lib/R/site-library /usr/lib/R/site-library /usr/lib/R/library
Step 2: Variable Declaration[1] "neuralNetwork"
[1] "regressionDataSet.csv"

Step 3: Data Loading       RMSD     Area          ED Energy  SS ResidueLength PairNumber
3336  0.000 21930.20 303848.0000 -15328 182           497      10398
4649  1.032  2572.55     50.5167   -624   8            33          5
14871 0.000  6376.38   6615.0000   -590  13           119        375
14269 4.290 14025.30  70470.3000  -3150  89           224       2192
10125 3.903 13618.50 111900.0000  -5920  51           271       4426
6772  0.000 19923.20 102294.0000  -3680  50           311       3384
      X100.6079961 X81.98734877 X0.042989621 X99.92630351
3336             1            1            0            1
4649             1            0            0            1
14871            1            1            0            1
14269            1            1            0            1
10125            1            1            0            1
6772             1            1            0            1
[1] 16382
 [1] "RMSD"          "Area"          "ED"            "Energy"       
 [5] "SS"            "ResidueLength" "PairNumber"    "X100.6079961" 
 [9] "X81.98734877"  "X0.042989621"  "X99.92630351" 

Step 4: Counting dataset[1] 16382

Step 5: Choose Target Variable[1] "RMSD"

Step 6: Choose Inputs Variable [1] "Area"          "ED"            "Energy"        "SS"           
 [5] "ResidueLength" "PairNumber"    "X100.6079961"  "X81.98734877" 
 [9] "X0.042989621"  "X99.92630351" 
[1] 10

Step 7: Select training dataset          Area          ED Energy  SS ResidueLength PairNumber X100.6079961
3336  21930.20 303848.0000 -15328 182           497      10398            1
4649   2572.55     50.5167   -624   8            33          5            1
14871  6376.38   6615.0000   -590  13           119        375            1
14269 14025.30  70470.3000  -3150  89           224       2192            1
10125 13618.50 111900.0000  -5920  51           271       4426            1
6772  19923.20 102294.0000  -3680  50           311       3384            1
      X81.98734877 X0.042989621 X99.92630351  RMSD
3336             1            0            1 0.000
4649             0            0            1 1.032
14871            1            0            1 0.000
14269            1            0            1 4.290
10125            1            0            1 3.903
6772             1            0            1 0.000
[1] 8191

Step 8: Select testing dataset          Area       ED    Energy SS ResidueLength PairNumber X100.6079961
1515   3624.09  1396.73  -591.311 23            40        100            1
14161 13047.40 72660.20 -5474.510 35           262       3211            1
1818   8467.42 16539.00 -4180.000 49           149        889            1
3004   6065.01  7633.88 -1757.470 75           104        457            1
4785   6785.63  5142.35 -2152.910 64           107        346            1
3931   5990.59  2201.29 -1326.120 18            82        185            1
      X81.98734877 X0.042989621 X99.92630351  RMSD
1515             0            0            1 4.370
14161            1            0            1 4.887
1818             1            0            1 0.000
3004             1            0            1 4.220
4785             0            0            1 3.037
3931             0            0            1 4.503
[1] 8192

Step 9: Model Building ->  neuralNetworkRMSD ~ Area + ED + Energy + SS + ResidueLength + PairNumber + 
    X100.6079961 + X81.98734877 + X0.042989621 + X99.92630351
a 10-10-1 network with 131 weights
inputs: Area ED Energy SS ResidueLength PairNumber X100.6079961 X81.98734877 X0.042989621 X99.92630351 
output(s): RMSD 
options were - skip-layer connections  linear output units 

Step 10: Prediction using ->  neuralNetwork          [,1]
1515  2.912237
14161 1.906882
1818  2.467354
3004  2.298384
4785  2.202138
3931  2.527285

Step 11: Extracting Actual[1] 4.370 4.887 0.000 4.220 3.037 4.503

Step 12: Model Evaluation     [,1]
[1,] 0.02
     [,1]
[1,]    0
[1] 1.54
[1] 35.52
elapsed 
  0.868 
null device 
          1 
            modelName    r R rmse accuracy totalTime
elapsed neuralNetwork 0.02 0 1.54    35.52     0.868

Step 13: Writing to file
Step 14: Saving the Model -> neuralNetwork
Done
Total Time Taken:  0.868  sec