

Filename : regressionDataSet.csv
Email id :8615208@apiit.edu.in
ID : 20171119191615
START
elapsed 
  0.069 

Step 1: Library Inclusion/home/robomex/R/x86_64-pc-linux-gnu-library/3.4 /usr/local/lib/R/site-library /usr/lib/R/site-library /usr/lib/R/library
Step 2: Variable Declaration[1] "neuralNetwork"
[1] "regressionDataSet.csv"

Step 3: Data Loading       RMSD     Area        ED     Energy  SS ResidueLength PairNumber
1268  0.000 23580.40 292421.00 -12268.000 340           515       8866
10722 0.000  7654.66  12754.00  -2024.000  22           132        766
12074 4.813  3770.88   2208.51   -541.179  14            43        161
6736  2.817 12175.10  47983.70  -6380.000  23           215       2188
929   2.516 20699.00 248377.00 -11700.000  98           537       8350
657   3.097  9373.94  39216.30  -2150.000  19           196       1885
      X100.6079961 X81.98734877 X0.042989621 X99.92630351
1268             1            1            0            1
10722            1            1            0            1
12074            1            0            0            1
6736             1            1            0            1
929              1            1            0            1
657              1            1            0            1
[1] 16382
 [1] "RMSD"          "Area"          "ED"            "Energy"       
 [5] "SS"            "ResidueLength" "PairNumber"    "X100.6079961" 
 [9] "X81.98734877"  "X0.042989621"  "X99.92630351" 

Step 4: Counting dataset[1] 16382

Step 5: Choose Target Variable[1] "RMSD"

Step 6: Choose Inputs Variable [1] "Area"          "ED"            "Energy"        "SS"           
 [5] "ResidueLength" "PairNumber"    "X100.6079961"  "X81.98734877" 
 [9] "X0.042989621"  "X99.92630351" 
[1] 10

Step 7: Select training dataset          Area        ED     Energy  SS ResidueLength PairNumber X100.6079961
1268  23580.40 292421.00 -12268.000 340           515       8866            1
10722  7654.66  12754.00  -2024.000  22           132        766            1
12074  3770.88   2208.51   -541.179  14            43        161            1
6736  12175.10  47983.70  -6380.000  23           215       2188            1
929   20699.00 248377.00 -11700.000  98           537       8350            1
657    9373.94  39216.30  -2150.000  19           196       1885            1
      X81.98734877 X0.042989621 X99.92630351  RMSD
1268             1            0            1 0.000
10722            1            0            1 0.000
12074            0            0            1 4.813
6736             1            0            1 2.817
929              1            0            1 2.516
657              1            0            1 3.097
[1] 8191

Step 8: Select testing dataset          Area       ED   Energy  SS ResidueLength PairNumber X100.6079961
15882  8869.61  19909.4 -2709.07  88           151       1023            1
4563  14004.10  78100.3 -7162.86  52           320       3466            1
13284 10110.90  33879.4 -3440.00  25           166       1414            1
14536  8851.16  13460.2 -2815.19  14           148        729            1
6583  17394.80 204870.0 -7639.00 129           381       6198            1
3460  15039.60 111130.0 -9398.00  53           310       4066            1
      X81.98734877 X0.042989621 X99.92630351  RMSD
15882            1            0            1 4.621
4563             1            0            1 4.619
13284            1            0            1 4.250
14536            1            0            1 3.284
6583             1            0            1 0.000
3460             1            0            1 0.000
[1] 8192

Step 9: Model Building ->  neuralNetworkRMSD ~ Area + ED + Energy + SS + ResidueLength + PairNumber + 
    X100.6079961 + X81.98734877 + X0.042989621 + X99.92630351
a 10-10-1 network with 131 weights
inputs: Area ED Energy SS ResidueLength PairNumber X100.6079961 X81.98734877 X0.042989621 X99.92630351 
output(s): RMSD 
options were - skip-layer connections  linear output units 

Step 10: Prediction using ->  neuralNetwork          [,1]
15882 2.556475
4563  1.462141
13284 2.977860
14536 2.608714
6583  1.221038
3460  1.677608

Step 11: Extracting Actual[1] 4.621 4.619 4.250 3.284 0.000 0.000

Step 12: Model Evaluation     [,1]
[1,] 0.01
     [,1]
[1,]    0
[1] 2.74
[1] 37.38
elapsed 
  0.835 
null device 
          1 
            modelName    r R rmse accuracy totalTime
elapsed neuralNetwork 0.01 0 2.74    37.38     0.835

Step 13: Writing to file
Step 14: Saving the Model -> neuralNetwork
Done
Total Time Taken:  0.835  sec
SUCCESSFULLY COMPLETED OPERATION