

Filename : regressionDataSet.csv
Email id :8615208@apiit.edu.in
ID : 20171119171719
START
elapsed 
  0.054 

Step 1: Library Inclusion
Step 2: Variable Declaration[1] "neuralNetwork"
[1] "regressionDataSet.csv"

Step 3: Data Loading       RMSD     Area          ED   Energy  SS ResidueLength PairNumber
10792 0.000  8524.90  18113.0000 -3508.00   9           127        888
10631 3.540  2487.61     57.2156  -360.00  96            33          5
14608 4.913 23533.70 368685.0000 -6800.00 121           462      11563
13139 2.154 13584.00  51304.1000 -4350.00  31           234       2464
14068 3.794 10845.20  54332.3000 -2040.00  29           188       2599
7597  4.589  9071.16  38004.7000 -3786.95  45           180       2054
      X100.6079961 X81.98734877 X0.042989621 X99.92630351
10792            1            1            0            1
10631            1            0            0            1
14608            1            1            0            1
13139            1            1            0            1
14068            1            1            0            1
7597             1            1            0            1
[1] 16382
 [1] "RMSD"          "Area"          "ED"            "Energy"       
 [5] "SS"            "ResidueLength" "PairNumber"    "X100.6079961" 
 [9] "X81.98734877"  "X0.042989621"  "X99.92630351" 

Step 4: Counting dataset[1] 16382

Step 5: Choose Target Variablecharacter(0)

Step 6: Choose Inputs Variable [1] "RMSD"          "Area"          "ED"            "Energy"       
 [5] "SS"            "ResidueLength" "PairNumber"    "X100.6079961" 
 [9] "X81.98734877"  "X0.042989621"  "X99.92630351" 
[1] 11

Step 7: Select training dataset       RMSD     Area          ED   Energy  SS ResidueLength PairNumber
10792 0.000  8524.90  18113.0000 -3508.00   9           127        888
10631 3.540  2487.61     57.2156  -360.00  96            33          5
14608 4.913 23533.70 368685.0000 -6800.00 121           462      11563
13139 2.154 13584.00  51304.1000 -4350.00  31           234       2464
14068 3.794 10845.20  54332.3000 -2040.00  29           188       2599
7597  4.589  9071.16  38004.7000 -3786.95  45           180       2054
      X100.6079961 X81.98734877 X0.042989621 X99.92630351
10792            1            1            0            1
10631            1            0            0            1
14608            1            1            0            1
13139            1            1            0            1
14068            1            1            0            1
7597             1            1            0            1
[1] 8191

Step 8: Select testing dataset       RMSD     Area        ED   Energy SS ResidueLength PairNumber
16366 4.525 13250.40  51768.90 -6069.66 52           288       2334
3787  3.843  7229.54   4049.45 -2245.19 71           101        249
9844  0.000 17565.70 143274.00 -6598.00 38           307       3387
7192  4.233 12817.30  58183.60 -1550.00 55           223       2822
6090  4.515  7467.00  14515.90 -2339.73 80           120        809
8368  0.000  9761.20  34220.00 -4547.00 23           188       1991
      X100.6079961 X81.98734877 X0.042989621 X99.92630351
16366            1            1            0            1
3787             1            0            0            1
9844             1            1            0            1
7192             1            1            0            1
6090             1            1            0            1
8368             1            1            0            1
[1] 8192

Step 9: Model Building ->  neuralNetwork~RMSD + Area + ED + Energy + SS + ResidueLength + PairNumber + 
    X100.6079961 + X81.98734877 + X0.042989621 + X99.92630351
