

Filename : regressionDataSet.csv
Email id :8615208@apiit.edu.in
ID : 20171119194211
START
elapsed 
  0.073 

Step 1: Library Inclusion/home/robomex/R/x86_64-pc-linux-gnu-library/3.4 /usr/local/lib/R/site-library /usr/lib/R/site-library /usr/lib/R/library
Step 2: Variable Declaration[1] "neuralNetwork"
[1] "regressionDataSet.csv"

Step 3: Data Loading       RMSD     Area       ED    Energy  SS ResidueLength PairNumber
10016 3.087 10350.80  40585.3  -2220.00  15           196       1885
896   2.787 11115.30  83593.5  -1020.00  25           220       3450
1281  4.694 13451.40  52729.0  -6067.11  60           288       2334
15516 0.000 18626.50 205686.0 -10037.00  93           462       6527
9222  3.678  9731.17  28337.7  -2835.06 100           158       1403
3337  4.698 14942.30  94688.2  -4010.00  67           254       3885
      X100.6079961 X81.98734877 X0.042989621 X99.92630351
10016            1            1            0            1
896              1            1            0            1
1281             1            1            0            1
15516            1            1            0            1
9222             1            1            0            1
3337             1            1            0            1
[1] 16382
 [1] "RMSD"          "Area"          "ED"            "Energy"       
 [5] "SS"            "ResidueLength" "PairNumber"    "X100.6079961" 
 [9] "X81.98734877"  "X0.042989621"  "X99.92630351" 

Step 4: Counting dataset[1] 16382

Step 5: Choose Target Variable[1] "RMSD"

Step 6: Choose Inputs Variable [1] "Area"          "ED"            "Energy"        "SS"           
 [5] "ResidueLength" "PairNumber"    "X100.6079961"  "X81.98734877" 
 [9] "X0.042989621"  "X99.92630351" 
[1] 10

Step 7: Select training dataset          Area       ED    Energy  SS ResidueLength PairNumber X100.6079961
10016 10350.80  40585.3  -2220.00  15           196       1885            1
896   11115.30  83593.5  -1020.00  25           220       3450            1
1281  13451.40  52729.0  -6067.11  60           288       2334            1
15516 18626.50 205686.0 -10037.00  93           462       6527            1
9222   9731.17  28337.7  -2835.06 100           158       1403            1
3337  14942.30  94688.2  -4010.00  67           254       3885            1
      X81.98734877 X0.042989621 X99.92630351  RMSD
10016            1            0            1 3.087
896              1            0            1 2.787
1281             1            0            1 4.694
15516            1            0            1 0.000
9222             1            0            1 3.678
3337             1            0            1 4.698
[1] 8191

Step 8: Select testing dataset          Area         ED    Energy  SS ResidueLength PairNumber X100.6079961
8864   5551.67    3240.10  -1069.11  39            71        249            1
2508   4816.71    3815.99  -1140.00  14            79        317            1
12874 10110.60   57185.00  -5228.00  19           219       2901            1
8037  33823.30 1386580.00 -13544.00 162           767      23369            1
8566  25168.60  273970.00  -9400.00 106           537       8350            1
4053  15521.20  116732.00  -4620.00  48           271       4426            1
      X81.98734877 X0.042989621 X99.92630351  RMSD
8864             0            0            1 3.015
2508             0            0            1 1.877
12874            1            0            1 0.000
8037             1            0            1 0.000
8566             1            0            1 3.828
4053             1            0            1 2.434
[1] 8192

Step 9: Model Building ->  neuralNetworkRMSD ~ Area + ED + Energy + SS + ResidueLength + PairNumber + 
    X100.6079961 + X81.98734877 + X0.042989621 + X99.92630351
a 10-10-1 network with 131 weights
inputs: Area ED Energy SS ResidueLength PairNumber X100.6079961 X81.98734877 X0.042989621 X99.92630351 
output(s): RMSD 
options were - skip-layer connections  linear output units 

Step 10: Prediction using ->  neuralNetwork           [,1]
8864   2.529689
2508   2.300584
12874  2.310829
8037  -5.024848
8566   1.563674
4053   2.858560

Step 11: Extracting Actual[1] 3.015 1.877 0.000 0.000 3.828 2.434

Step 12: Model Evaluation     [,1]
[1,] 0.24
     [,1]
[1,] 0.06
[1] 1.41
[1] 37.59
elapsed 
   0.77 
null device 
          1 
            modelName    r    R rmse accuracy totalTime
elapsed neuralNetwork 0.24 0.06 1.41    37.59      0.77

Step 13: Writing to file
Step 14: Saving the Model -> neuralNetwork
Done
Total Time Taken:  0.77  sec
SUCCESSFULLY COMPLETED OPERATION