

Filename : regressionDataSet.csv
Email id :8615208@apiit.edu.in
ID : 20171119175928
START
elapsed 
  0.063 

Step 1: Library Inclusion/home/robomex/R/x86_64-pc-linux-gnu-library/3.4 /usr/local/lib/R/site-library /usr/lib/R/site-library /usr/lib/R/library
Step 2: Variable Declaration[1] "neuralNetwork"
[1] "regressionDataSet.csv"

Step 3: Data Loading       RMSD    Area       ED   Energy  SS ResidueLength PairNumber X100.6079961
9962  0.000 16563.8 171353.0 -9968.00 227           386       6756            1
1373  3.178 13268.3  78977.5 -6020.00  57           272       3539            1
14405 0.000 10811.1  32066.0 -3440.00  44           183       1638            1
6152  1.707 12583.2  73818.7 -4090.00  22           249       3630            1
1344  3.299 18966.7 181433.0 -4810.00  88           403       6746            1
134   3.269 13262.2  46178.0 -5749.48  48           273       2061            1
      X81.98734877 X0.042989621 X99.92630351
9962             1            0            1
1373             1            0            1
14405            1            0            1
6152             1            0            1
1344             1            0            1
134              1            0            1
[1] 16382
 [1] "RMSD"          "Area"          "ED"            "Energy"       
 [5] "SS"            "ResidueLength" "PairNumber"    "X100.6079961" 
 [9] "X81.98734877"  "X0.042989621"  "X99.92630351" 

Step 4: Counting dataset[1] 16382

Step 5: Choose Target Variable[1] "RMSD"

Step 6: Choose Inputs Variable [1] "Area"          "ED"            "Energy"        "SS"           
 [5] "ResidueLength" "PairNumber"    "X100.6079961"  "X81.98734877" 
 [9] "X0.042989621"  "X99.92630351" 
[1] 10

Step 7: Select training dataset         Area       ED   Energy  SS ResidueLength PairNumber X100.6079961
9962  16563.8 171353.0 -9968.00 227           386       6756            1
1373  13268.3  78977.5 -6020.00  57           272       3539            1
14405 10811.1  32066.0 -3440.00  44           183       1638            1
6152  12583.2  73818.7 -4090.00  22           249       3630            1
1344  18966.7 181433.0 -4810.00  88           403       6746            1
134   13262.2  46178.0 -5749.48  48           273       2061            1
      X81.98734877 X0.042989621 X99.92630351  RMSD
9962             1            0            1 0.000
1373             1            0            1 3.178
14405            1            0            1 0.000
6152             1            0            1 1.707
1344             1            0            1 3.299
134              1            0            1 3.269
[1] 8191

Step 8: Select testing dataset          Area        ED     Energy  SS ResidueLength PairNumber X100.6079961
15623  7306.33  14229.00  -2423.380  88           120        809            1
11699 38842.70 809811.00 -17738.000 149           824      20654            1
529    9408.37  27442.00  -2905.230  91           158       1403            1
15655 13540.00  56810.00  -4735.000  35           229       2194            1
6890  12520.10 117545.00  -3190.000  44           235       4905            1
13742  4034.05   1492.56   -926.474  41            52        133            1
      X81.98734877 X0.042989621 X99.92630351  RMSD
15623            1            0            1 2.727
11699            1            0            1 0.000
529              1            0            1 3.059
15655            1            0            1 0.000
6890             1            0            1 3.168
13742            0            0            1 2.009
[1] 8192

Step 9: Model Building ->  neuralNetworkRMSD ~ Area + ED + Energy + SS + ResidueLength + PairNumber + 
    X100.6079961 + X81.98734877 + X0.042989621 + X99.92630351
a 10-10-1 network with 131 weights
inputs: Area ED Energy SS ResidueLength PairNumber X100.6079961 X81.98734877 X0.042989621 X99.92630351 
output(s): RMSD 
options were - skip-layer connections  linear output units 

Step 10: Prediction using ->  neuralNetwork            [,1]
15623  0.1459596
11699  6.2519998
529   18.3317222
15655 24.7499060
6890  -5.4341173
13742 -6.7843661

Step 11: Extracting Actual[1] 2.727 0.000 3.059 0.000 3.168 2.009

Step 12: Model Evaluation     [,1]
[1,] 0.11
     [,1]
[1,] 0.01
[1] 11.19
[1] 7.82
elapsed 
  1.089 
null device 
          1 
            modelName    r    R  rmse accuracy totalTime
elapsed neuralNetwork 0.11 0.01 11.19     7.82     1.089

Step 13: Writing to file
Step 14: Saving the Model -> neuralNetwork
Done
Total Time Taken:  1.089  sec