

Filename : regressionDataSet.csv
Email id :8615208@apiit.edu.in
ID : 20171119180620
START
elapsed 
  0.066 

Step 1: Library Inclusion/home/robomex/R/x86_64-pc-linux-gnu-library/3.4 /usr/local/lib/R/site-library /usr/lib/R/site-library /usr/lib/R/library
Step 2: Variable Declaration[1] "neuralNetwork"
[1] "regressionDataSet.csv"

Step 3: Data Loading       RMSD     Area        ED    Energy SS ResidueLength PairNumber
5961  2.845  4158.45   1949.45  -1061.64  5            63        166
124   1.932  3867.66   2203.30  -1034.09 21            54        165
5458  2.087 12536.20  39284.50   -296.00 45           234       1581
7636  4.357 13599.60  60157.60  -2220.00 63           223       2822
3612  3.636 20305.80 459228.00 -13800.00 51           483      15505
14432 2.354 15588.50 117412.00  -5440.00 59           271       4426
      X100.6079961 X81.98734877 X0.042989621 X99.92630351
5961             1            0            0            1
124              1            0            0            1
5458             1            1            0            1
7636             1            1            0            1
3612             1            1            0            1
14432            1            1            0            1
[1] 16382
 [1] "RMSD"          "Area"          "ED"            "Energy"       
 [5] "SS"            "ResidueLength" "PairNumber"    "X100.6079961" 
 [9] "X81.98734877"  "X0.042989621"  "X99.92630351" 

Step 4: Counting dataset[1] 16382

Step 5: Choose Target Variable[1] "RMSD"

Step 6: Choose Inputs Variable [1] "Area"          "ED"            "Energy"        "SS"           
 [5] "ResidueLength" "PairNumber"    "X100.6079961"  "X81.98734877" 
 [9] "X0.042989621"  "X99.92630351" 
[1] 10

Step 7: Select training dataset          Area        ED    Energy SS ResidueLength PairNumber X100.6079961
5961   4158.45   1949.45  -1061.64  5            63        166            1
124    3867.66   2203.30  -1034.09 21            54        165            1
5458  12536.20  39284.50   -296.00 45           234       1581            1
7636  13599.60  60157.60  -2220.00 63           223       2822            1
3612  20305.80 459228.00 -13800.00 51           483      15505            1
14432 15588.50 117412.00  -5440.00 59           271       4426            1
      X81.98734877 X0.042989621 X99.92630351  RMSD
5961             0            0            1 2.845
124              0            0            1 1.932
5458             1            0            1 2.087
7636             1            0            1 4.357
3612             1            0            1 3.636
14432            1            0            1 2.354
[1] 8191

Step 8: Select testing dataset          Area        ED    Energy  SS ResidueLength PairNumber X100.6079961
15176  5704.59   4131.23  -1523.52 126            88        318            1
2477   8117.63   9802.18  -3000.54  96           130        490            1
5237  16108.50 128794.00  -4195.00  90           333       5121            1
15561 11429.90  26857.70  -4105.12  53           214       1469            1
5304  13196.90 102202.00  -6058.00  82           329       4345            1
5901  20311.00 356720.00 -16381.00  50           511      12358            1
      X81.98734877 X0.042989621 X99.92630351  RMSD
15176            0            0            1 1.698
2477             1            0            1 2.762
5237             1            0            1 0.000
15561            1            0            1 3.736
5304             1            0            1 0.000
5901             1            0            1 0.000
[1] 8192

Step 9: Model Building ->  neuralNetworkRMSD ~ Area + ED + Energy + SS + ResidueLength + PairNumber + 
    X100.6079961 + X81.98734877 + X0.042989621 + X99.92630351
a 10-10-1 network with 131 weights
inputs: Area ED Energy SS ResidueLength PairNumber X100.6079961 X81.98734877 X0.042989621 X99.92630351 
output(s): RMSD 
options were - skip-layer connections  linear output units 

Step 10: Prediction using ->  neuralNetwork          [,1]
15176 2.239032
2477  2.492619
5237  2.260746
15561 2.378415
5304  1.631354
5901  1.535434

Step 11: Extracting Actual[1] 1.698 2.762 0.000 3.736 0.000 0.000

Step 12: Model Evaluation      [,1]
[1,] -0.01
     [,1]
[1,]    0
[1] 1.64
[1] 36.5
elapsed 
  1.065 
null device 
          1 
            modelName     r R rmse accuracy totalTime
elapsed neuralNetwork -0.01 0 1.64     36.5     1.065

Step 13: Writing to file
Step 14: Saving the Model -> neuralNetwork
Done
Total Time Taken:  1.065  sec
SUCCESSFULLY COMPLETED OPERATION