

Filename : regressionDataSet.csv
Email id :8615208@apiit.edu.in
ID : 20171119190231
START
elapsed 
  0.064 

Step 1: Library Inclusion/home/robomex/R/x86_64-pc-linux-gnu-library/3.4 /usr/local/lib/R/site-library /usr/lib/R/site-library /usr/lib/R/library
Step 2: Variable Declaration[1] "neuralNetwork"
[1] "regressionDataSet.csv"

Step 3: Data Loading       RMSD     Area         ED   Energy SS ResidueLength PairNumber
13767 3.683 11516.90 91892.5000 -2630.00 39           220       3450
2637  0.000  7621.00 10270.0000 -2444.00 45           126        621
11495 1.008  9210.46 17156.1000 -4288.33 34           183        931
1195  0.000  6457.93 11533.0000 -2168.00 59           108        765
305   3.820  8132.28  9525.5900 -2889.77 19           138        554
8233  1.242  2202.39    51.5656  -511.00  6            33          5
      X100.6079961 X81.98734877 X0.042989621 X99.92630351
13767            1            1            0            1
2637             1            1            0            1
11495            1            1            0            1
1195             1            1            0            1
305              1            1            0            1
8233             1            0            0            1
[1] 16382
 [1] "RMSD"          "Area"          "ED"            "Energy"       
 [5] "SS"            "ResidueLength" "PairNumber"    "X100.6079961" 
 [9] "X81.98734877"  "X0.042989621"  "X99.92630351" 

Step 4: Counting dataset[1] 16382

Step 5: Choose Target Variable[1] "RMSD"

Step 6: Choose Inputs Variable [1] "Area"          "ED"            "Energy"        "SS"           
 [5] "ResidueLength" "PairNumber"    "X100.6079961"  "X81.98734877" 
 [9] "X0.042989621"  "X99.92630351" 
[1] 10

Step 7: Select training dataset          Area         ED   Energy SS ResidueLength PairNumber X100.6079961
13767 11516.90 91892.5000 -2630.00 39           220       3450            1
2637   7621.00 10270.0000 -2444.00 45           126        621            1
11495  9210.46 17156.1000 -4288.33 34           183        931            1
1195   6457.93 11533.0000 -2168.00 59           108        765            1
305    8132.28  9525.5900 -2889.77 19           138        554            1
8233   2202.39    51.5656  -511.00  6            33          5            1
      X81.98734877 X0.042989621 X99.92630351  RMSD
13767            1            0            1 3.683
2637             1            0            1 0.000
11495            1            0            1 1.008
1195             1            0            1 0.000
305              1            0            1 3.820
8233             0            0            1 1.242
[1] 8191

Step 8: Select testing dataset         Area      ED   Energy  SS ResidueLength PairNumber X100.6079961
8619  9869.26 28573.1 -2817.80 105           158       1403            1
9597  8032.97 11903.9 -2615.92  82           128        693            1
5702 10780.60 38774.5 -3814.08  44           193       2118            1
8386  8549.20 11361.6 -3090.26  43           156        654            1
150   8184.05  8281.0 -4037.00  16           137        399            1
4798 14431.00 53506.8 -5403.24  77           288       2334            1
     X81.98734877 X0.042989621 X99.92630351  RMSD
8619            1            0            1 3.846
9597            1            0            1 2.746
5702            1            0            1 3.374
8386            1            0            1 3.991
150             1            0            1 0.000
4798            1            0            1 4.390
[1] 8192

Step 9: Model Building ->  neuralNetworkRMSD ~ Area + ED + Energy + SS + ResidueLength + PairNumber + 
    X100.6079961 + X81.98734877 + X0.042989621 + X99.92630351
a 10-10-1 network with 131 weights
inputs: Area ED Energy SS ResidueLength PairNumber X100.6079961 X81.98734877 X0.042989621 X99.92630351 
output(s): RMSD 
options were - skip-layer connections  linear output units 

Step 10: Prediction using ->  neuralNetwork         [,1]
8619 2.349848
9597 2.842459
5702 2.879709
8386 2.681243
150  2.414645
4798 2.096668

Step 11: Extracting Actual[1] 3.846 2.746 3.374 3.991 0.000 4.390

Step 12: Model Evaluation     [,1]
[1,] 0.28
     [,1]
[1,] 0.08
[1] 1.41
[1] 36.04
elapsed 
  1.118 
null device 
          1 
            modelName    r    R rmse accuracy totalTime
elapsed neuralNetwork 0.28 0.08 1.41    36.04     1.118

Step 13: Writing to file
Step 14: Saving the Model -> neuralNetwork
Done
Total Time Taken:  1.118  sec
SUCCESSFULLY COMPLETED OPERATION