

Filename : regressionDataSet.csv
Email id :8615208@apiit.edu.in
ID : 20171119201529
START
elapsed 
  0.126 

Step 1: Library Inclusion/home/robomex/R/x86_64-pc-linux-gnu-library/3.4 /usr/local/lib/R/site-library /usr/lib/R/site-library /usr/lib/R/library
Step 2: Variable Declaration[1] "neuralNetwork"
[1] "regressionDataSet.csv"

Step 3: Data Loading       RMSD     Area      ED   Energy  SS ResidueLength PairNumber X100.6079961
9794  4.213  8466.16 20246.8 -3480.91 116           163       1162            1
632   2.514 10012.00 38428.4 -4134.91  15           193       2118            1
8567  0.000  8491.57 14231.0 -3652.00  54           135        732            1
14691 2.270 13307.00 63941.7 -3760.00  42           224       2192            1
11760 0.000  9085.12 34207.0 -3850.00  34           151       1307            1
14868 0.000 12778.00 64801.0 -5552.00  29           246       2679            1
      X81.98734877 X0.042989621 X99.92630351
9794             1            0            1
632              1            0            1
8567             1            0            1
14691            1            0            1
11760            1            0            1
14868            1            0            1
[1] 16382
 [1] "RMSD"          "Area"          "ED"            "Energy"       
 [5] "SS"            "ResidueLength" "PairNumber"    "X100.6079961" 
 [9] "X81.98734877"  "X0.042989621"  "X99.92630351" 

Step 4: Counting dataset[1] 16382

Step 5: Choose Target Variable[1] "RMSD"

Step 6: Choose Inputs Variable [1] "Area"          "ED"            "Energy"        "SS"           
 [5] "ResidueLength" "PairNumber"    "X100.6079961"  "X81.98734877" 
 [9] "X0.042989621"  "X99.92630351" 
[1] 10

Step 7: Select training dataset          Area      ED   Energy  SS ResidueLength PairNumber X100.6079961
9794   8466.16 20246.8 -3480.91 116           163       1162            1
632   10012.00 38428.4 -4134.91  15           193       2118            1
8567   8491.57 14231.0 -3652.00  54           135        732            1
14691 13307.00 63941.7 -3760.00  42           224       2192            1
11760  9085.12 34207.0 -3850.00  34           151       1307            1
14868 12778.00 64801.0 -5552.00  29           246       2679            1
      X81.98734877 X0.042989621 X99.92630351  RMSD
9794             1            0            1 4.213
632              1            0            1 2.514
8567             1            0            1 0.000
14691            1            0            1 2.270
11760            1            0            1 0.000
14868            1            0            1 0.000
[1] 8191

Step 8: Select testing dataset          Area        ED    Energy  SS ResidueLength PairNumber X100.6079961
9572   7511.85   9232.18  -3087.54  19           138        554            1
10367 12261.10  71106.50  -5635.92  51           262       3211            1
4383  20648.20 170888.00  -4910.00  83           449       5537            1
14987 23234.20 355689.00 -15365.00 135           550      11581            1
5211   8302.25   8002.00  -4201.00  55           148        488            1
6011   5227.24   4281.03  -1200.00  11            79        317            1
      X81.98734877 X0.042989621 X99.92630351  RMSD
9572             1            0            1 2.122
10367            1            0            1 4.734
4383             1            0            1 2.130
14987            1            0            1 0.000
5211             0            0            1 0.000
6011             0            0            1 2.215
[1] 8192

Step 9: Model Building ->  neuralNetworkRMSD ~ Area + ED + Energy + SS + ResidueLength + PairNumber + 
    X100.6079961 + X81.98734877 + X0.042989621 + X99.92630351
a 10-10-1 network with 131 weights
inputs: Area ED Energy SS ResidueLength PairNumber X100.6079961 X81.98734877 X0.042989621 X99.92630351 
output(s): RMSD 
options were - skip-layer connections  linear output units 

Step 10: Prediction using ->  neuralNetwork          [,1]
9572  2.513457
10367 1.866846
4383  1.856758
14987 1.536967
5211  2.424572
6011  2.468051

Step 11: Extracting Actual[1] 2.122 4.734 2.130 0.000 0.000 2.215

Step 12: Model Evaluation     [,1]
[1,] 0.06
     [,1]
[1,]    0
[1] 1.46
[1] 36.74
elapsed 
  0.782 
null device 
          1 
            modelName    r R rmse accuracy totalTime
elapsed neuralNetwork 0.06 0 1.46    36.74     0.782

Step 13: Writing to file
Step 14: Saving the Model -> neuralNetwork
Done
Total Time Taken:  0.782  sec
SUCCESSFULLY COMPLETED OPERATION