

Filename : regressionDataSet.csv
Email id :8615208@apiit.edu.in
ID : 20171119191506
START
elapsed 
  0.066 

Step 1: Library Inclusion/home/robomex/R/x86_64-pc-linux-gnu-library/3.4 /usr/local/lib/R/site-library /usr/lib/R/site-library /usr/lib/R/library
Step 2: Variable Declaration[1] "neuralNetwork"
[1] "regressionDataSet.csv"

Step 3: Data Loading       RMSD     Area      ED   Energy SS ResidueLength PairNumber X100.6079961
3043  0.000 11075.50 41248.0 -3253.00 24           183       1807            1
5880  4.161  8532.55 11293.1 -3070.74 33           156        654            1
12607 3.928  5535.97 10768.2 -2030.78 24           102        764            1
2622  0.000  6285.74  9889.0 -2219.00 28           115        584            1
4573  2.832  7619.84 14512.7 -2308.64 86           120        809            1
8228  3.663 10780.10 49884.7 -3440.00 28           216       2677            1
      X81.98734877 X0.042989621 X99.92630351
3043             1            0            1
5880             1            0            1
12607            1            0            1
2622             1            0            1
4573             1            0            1
8228             1            0            1
[1] 16382
 [1] "RMSD"          "Area"          "ED"            "Energy"       
 [5] "SS"            "ResidueLength" "PairNumber"    "X100.6079961" 
 [9] "X81.98734877"  "X0.042989621"  "X99.92630351" 

Step 4: Counting dataset[1] 16382

Step 5: Choose Target Variable[1] "RMSD"

Step 6: Choose Inputs Variable [1] "Area"          "ED"            "Energy"        "SS"           
 [5] "ResidueLength" "PairNumber"    "X100.6079961"  "X81.98734877" 
 [9] "X0.042989621"  "X99.92630351" 
[1] 10

Step 7: Select training dataset          Area      ED   Energy SS ResidueLength PairNumber X100.6079961
3043  11075.50 41248.0 -3253.00 24           183       1807            1
5880   8532.55 11293.1 -3070.74 33           156        654            1
12607  5535.97 10768.2 -2030.78 24           102        764            1
2622   6285.74  9889.0 -2219.00 28           115        584            1
4573   7619.84 14512.7 -2308.64 86           120        809            1
8228  10780.10 49884.7 -3440.00 28           216       2677            1
      X81.98734877 X0.042989621 X99.92630351  RMSD
3043             1            0            1 0.000
5880             1            0            1 4.161
12607            1            0            1 3.928
2622             1            0            1 0.000
4573             1            0            1 2.832
8228             1            0            1 3.663
[1] 8191

Step 8: Select testing dataset          Area       ED   Energy SS ResidueLength PairNumber X100.6079961
5305  18916.80 240183.0 -9215.00 67           441       8998            1
7458   7452.73  14022.0 -2372.69 78           120        809            1
15971 12445.10  86233.0 -3336.00 29           239       3708            1
3775  13396.30  41963.3 -2690.00 49           234       1581            1
10686  6732.96  10368.7 -2290.00 12           109        689            1
225   12650.30  46367.0 -5934.87 63           273       2061            1
      X81.98734877 X0.042989621 X99.92630351  RMSD
5305             1            0            1 0.000
7458             1            0            1 2.683
15971            1            0            1 0.000
3775             1            0            1 3.939
10686            1            0            1 3.632
225              1            0            1 4.773
[1] 8192

Step 9: Model Building ->  neuralNetworkRMSD ~ Area + ED + Energy + SS + ResidueLength + PairNumber + 
    X100.6079961 + X81.98734877 + X0.042989621 + X99.92630351
a 10-10-1 network with 131 weights
inputs: Area ED Energy SS ResidueLength PairNumber X100.6079961 X81.98734877 X0.042989621 X99.92630351 
output(s): RMSD 
options were - skip-layer connections  linear output units 

Step 10: Prediction using ->  neuralNetwork          [,1]
5305  2.111056
7458  2.677553
15971 2.045575
3775  2.974830
10686 2.538065
225   1.507448

Step 11: Extracting Actual[1] 0.000 2.683 0.000 3.939 3.632 4.773

Step 12: Model Evaluation     [,1]
[1,] 0.31
     [,1]
[1,]  0.1
[1] 1.37
[1] 36.93
elapsed 
  0.883 
null device 
          1 
            modelName    r   R rmse accuracy totalTime
elapsed neuralNetwork 0.31 0.1 1.37    36.93     0.883

Step 13: Writing to file
Step 14: Saving the Model -> neuralNetwork
Done
Total Time Taken:  0.883  sec
SUCCESSFULLY COMPLETED OPERATION