

Filename : regressionDataSet.csv
Email id :robomex2020@gmail.com
ID : 20201005175753
START
elapsed 
  0.162 

Step 1: Library Inclusion/home/robomex/R/x86_64-pc-linux-gnu-library/3.6 /usr/local/lib/R/site-library /usr/lib/R/site-library /usr/lib/R/library
Step 2: Variable Declaration[1] "neuralNetwork"
[1] "regressionDataSet.csv"

Step 3: Data Loading       RMSD     Area      ED   Energy SS ResidueLength PairNumber X100.6079961
7039  3.153 13426.00 75429.8 -4500.00 44           264       3217            1
4464  3.796 10379.10 38682.0 -3872.28 31           193       2118            1
3833  0.000  7159.51 24153.0 -3204.00 31           158       1361            1
13923 2.229  7614.64 14009.9 -2277.99 90           120        809            1
4293  4.352 12661.10 79920.2 -5620.00 49           272       3539            1
11    0.000  7069.95 15336.6 -3000.09 81           133        847            1
      X81.98734877 X0.042989621 X99.92630351
7039             1            0            1
4464             1            0            1
3833             1            0            1
13923            1            0            1
4293             1            0            1
11               1            0            1
[1] 16382
 [1] "RMSD"          "Area"          "ED"            "Energy"       
 [5] "SS"            "ResidueLength" "PairNumber"    "X100.6079961" 
 [9] "X81.98734877"  "X0.042989621"  "X99.92630351" 

Step 4: Counting dataset[1] 16382

Step 5: Choose Target Variable[1] "RMSD"

Step 6: Choose Inputs Variable [1] "Area"          "ED"            "Energy"        "SS"           
 [5] "ResidueLength" "PairNumber"    "X100.6079961"  "X81.98734877" 
 [9] "X0.042989621"  "X99.92630351" 
[1] 10

Step 7: Select training dataset          Area      ED   Energy SS ResidueLength PairNumber X100.6079961
7039  13426.00 75429.8 -4500.00 44           264       3217            1
4464  10379.10 38682.0 -3872.28 31           193       2118            1
3833   7159.51 24153.0 -3204.00 31           158       1361            1
13923  7614.64 14009.9 -2277.99 90           120        809            1
4293  12661.10 79920.2 -5620.00 49           272       3539            1
11     7069.95 15336.6 -3000.09 81           133        847            1
      X81.98734877 X0.042989621 X99.92630351  RMSD
7039             1            0            1 3.153
4464             1            0            1 3.796
3833             1            0            1 0.000
13923            1            0            1 2.229
4293             1            0            1 4.352
11               1            0            1 0.000
[1] 8191

Step 8: Select testing dataset          Area         ED   Energy  SS ResidueLength PairNumber X100.6079961
13625 12580.00 39278.7000 -1690.00  50           234       1581            1
383    6259.88  6646.7300 -2710.00  21           119        395            1
7703   4680.68  3941.7000 -1270.00  13            79        317            1
5722   2256.19    50.8236  -459.00   6            33          5            1
4262   8746.61 20178.3000 -3378.02 104           163       1162            1
5530  10194.50 65274.0000 -5029.00 149           222       2975            1
      X81.98734877 X0.042989621 X99.92630351  RMSD
13625            1            0            1 2.035
383              1            0            1 4.353
7703             0            0            1 2.673
5722             0            0            1 1.480
4262             1            0            1 2.203
5530             1            0            1 0.000
[1] 8192

Step 9: Model Building ->  neuralNetworkRMSD ~ Area + ED + Energy + SS + ResidueLength + PairNumber + 
    X100.6079961 + X81.98734877 + X0.042989621 + X99.92630351
a 10-10-1 network with 131 weights
inputs: Area ED Energy SS ResidueLength PairNumber X100.6079961 X81.98734877 X0.042989621 X99.92630351 
output(s): RMSD 
options were - skip-layer connections  linear output units 

Step 10: Prediction using ->  neuralNetwork          [,1]
13625 2.623693
383   2.206395
7703  2.081573
5722  2.546091
4262  2.104284
5530  2.259231

Step 11: Extracting Actual[1] 2.035 4.353 2.673 1.480 2.203 0.000

Step 12: Model Evaluation     [,1]
[1,] 0.07
     [,1]
[1,]    0
[1] 1.44
[1] 36.32
elapsed 
  1.235 
null device 
          1 
            modelName    r R rmse accuracy totalTime
elapsed neuralNetwork 0.07 0 1.44    36.32     1.235

Step 13: Writing to file
Step 14: Saving the Model -> neuralNetwork
Done
Total Time Taken:  1.235  sec
SUCCESSFULLY COMPLETED OPERATION